<?xml version="1.0" encoding="UTF-8"?>
<!-- Generated by org.testng.reporters.JUnitXMLReporter -->
<testsuite ignored="0" hostname="vasudha" failures="1" tests="1" name="ExtentReport" time="0.048" errors="0" timestamp="2025-08-28T14:39:34 IST">
  <testcase classname="pkg.ExtentReport_TestNG" name="f" time="0.0">
    <failure type="java.lang.RuntimeException" message="java.io.FileNotFoundException: C:\Users\VASUDHA K T\Documents\mavenproj\data.xlsx (The system cannot find the file specified)">
      <![CDATA[java.lang.RuntimeException: java.io.FileNotFoundException: C:\Users\VASUDHA K T\Documents\mavenproj\data.xlsx (The system cannot find the file specified)
at java.base/java.util.ArrayList.forEach(ArrayList.java:1604)
Caused by: java.io.FileNotFoundException: C:\Users\VASUDHA K T\Documents\mavenproj\data.xlsx (The system cannot find the file specified)
at java.base/java.io.FileInputStream.open0(Native Method)
at java.base/java.io.FileInputStream.open(FileInputStream.java:185)
at java.base/java.io.FileInputStream.<init>(FileInputStream.java:139)
at pkg.ExtentReport_TestNG.logindata(ExtentReport_TestNG.java:95)
... 25 more
... Removed 30 stack frames]]>
    </failure>
  </testcase> <!-- f -->
</testsuite> <!-- ExtentReport -->
