<?xml version="1.0" encoding="UTF-8"?>
<!-- Generated by org.testng.reporters.JUnitXMLReporter -->
<testsuite ignored="0" hostname="vasudha" failures="0" tests="3" name="FireFox" time="38.808" errors="0" timestamp="2025-08-26T17:22:29 IST">
  <testcase classname="pkg.Lab9_TestNG2" name="ecommerceTest" time="8.651"/>
  <testcase classname="pkg.Lab9_TestNG2" name="ecommerceTest" time="8.308"/>
  <testcase classname="pkg.Lab9_TestNG1" name="lab8Flow" time="3.343"/>
</testsuite> <!-- FireFox -->
