<?xml version="1.0" encoding="UTF-8"?>
<!-- Generated by org.testng.reporters.JUnitXMLReporter -->
<testsuite ignored="0" hostname="vasudha" failures="1" tests="1" name="Test_orangehrm" time="1.085" errors="0" timestamp="2025-09-01T22:59:57 IST">
  <testcase classname="com.orangehrm.test.LoginTest" name="verifylogin" time="0.0">
    <failure type="java.lang.RuntimeException" message="java.lang.NullPointerException: Cannot invoke &amp;quot;org.apache.poi.xssf.usermodel.XSSFSheet.getPhysicalNumberOfRows()&amp;quot; because &amp;quot;worksheet&amp;quot; is null">
      <![CDATA[java.lang.RuntimeException: java.lang.NullPointerException: Cannot invoke "org.apache.poi.xssf.usermodel.XSSFSheet.getPhysicalNumberOfRows()" because "worksheet" is null
at java.base/java.util.ArrayList.forEach(ArrayList.java:1596)
Caused by: java.lang.NullPointerException: Cannot invoke "org.apache.poi.xssf.usermodel.XSSFSheet.getPhysicalNumberOfRows()" because "worksheet" is null
at com.orangehrm.utilities.Excelutilities.getdata(Excelutilities.java:21)
at com.orangehrm.test.LoginTest.logindata(LoginTest.java:48)
... 25 more
... Removed 30 stack frames]]>
    </failure>
  </testcase> <!-- verifylogin -->
</testsuite> <!-- Test_orangehrm -->
