<?xml version="1.0" encoding="UTF-8"?>
<!-- Generated by org.testng.reporters.JUnitXMLReporter -->
<testsuite ignored="1" hostname="vasudha" failures="0" tests="3" name="TestGroups" time="0.069" errors="0" timestamp="2025-08-26T16:06:07 IST">
  <testcase classname="pkg.TestGroups" name="test2" time="0.009"/>
  <testcase classname="pkg.TestGroups" name="test1" time="0.001"/>
  <testcase classname="pkg.TestGroups" name="test3" time="0.003"/>
  <testcase classname="pkg.TestGroups" name="test4" time="0.0">
    <ignored/>
  </testcase> <!-- test4 -->
</testsuite> <!-- TestGroups -->
