<?xml version="1.0" encoding="UTF-8"?>
<!-- Generated by org.testng.reporters.JUnitXMLReporter -->
<testsuite ignored="0" hostname="vasudha" failures="1" tests="1" name="Testing_jenkins" time="0.066" errors="0" timestamp="2025-09-01T17:00:13 IST">
  <testcase classname="com.orangehrm.test.Login_Orangehrm" name="verifyLogin" time="0.0">
    <failure type="java.lang.RuntimeException" message="java.io.FileNotFoundException: C:\Users\VASUDHA K T\Documents\mavenproj\src\test\resources\Testdata\DataSheet.xlsx (The system cannot find the path specified)">
      <![CDATA[java.lang.RuntimeException: java.io.FileNotFoundException: C:\Users\VASUDHA K T\Documents\mavenproj\src\test\resources\Testdata\DataSheet.xlsx (The system cannot find the path specified)
at java.base/java.util.ArrayList.forEach(ArrayList.java:1604)
Caused by: java.io.FileNotFoundException: C:\Users\VASUDHA K T\Documents\mavenproj\src\test\resources\Testdata\DataSheet.xlsx (The system cannot find the path specified)
at java.base/java.io.FileInputStream.open0(Native Method)
at java.base/java.io.FileInputStream.open(FileInputStream.java:185)
at java.base/java.io.FileInputStream.<init>(FileInputStream.java:139)
at com.orangehrm.utilities.ExcelUtilities.getdata(ExcelUtilities.java:17)
at com.orangehrm.test.Login_Orangehrm.logindata(Login_Orangehrm.java:42)
... 25 more
... Removed 30 stack frames]]>
    </failure>
  </testcase> <!-- verifyLogin -->
</testsuite> <!-- Testing_jenkins -->
